Arguments: 
  C:\Program Files\nodejs\node.exe C:\Users\adity\AppData\Roaming\npm\node_modules\yarn\bin\yarn.js add @aws-sdk/client-ses

PATH: 
  C:\Program Files\Microsoft\jdk-11.0.18.10-hotspot\bin;C:\Program Files\Common Files\Oracle\Java\javapath;C:\Windows\system32;C:\Windows;C:\Windows\System32\Wbem;C:\Windows\System32\WindowsPowerShell\v1.0\;C:\Windows\System32\OpenSSH\;C:\MinGW\bin;C:\Program Files\Git\cmd;C:\Users\adity\anaconda3;C:\Users\adity\anaconda3\Library\mingw-w64\bin;C:\Users\adity\anaconda3\Library\usr\bin;C:\Users\adity\anaconda3\Library\bin;C:\Users\adity\anaconda3\Scripts;C:\Users\adity\AppData\Local\Microsoft\WindowsApps;C:\Users\adity\AppData\Roaming\npm;C:\Users\adity\AppData\Local\Programs\Microsoft VS Code\bin;C:\Program Files\heroku\bin;C:\Program Files\Git\bin;C:\adb;C:\Program Files (x86)\NVIDIA Corporation\PhysX\Common;C:\Program Files\Docker\Docker\resources\bin;C:\Program Files\dotnet\;C:\ProgramData\chocolatey\bin;C:\Program Files\nodejs\;C:\Users\adity\AppData\Local\Android\Sdk\platform-tools;C:\Users\adity\AppData\Local\Android\Sdk\tools;C:\Users\adity\AppData\Local\Android\Sdk\tools;C:\Users\adity\AppData\Local\Android\Sdk\tools;C:\Users\adity\AppData\Local\Android\Sdk\tools;C:\Users\adity\AppData\Local\Programs\Python\Python39\Scripts\;C:\Users\adity\AppData\Local\Programs\Python\Python39\;C:\Users\adity\anaconda3;C:\Users\adity\anaconda3\Library\mingw-w64\bin;C:\Users\adity\anaconda3\Library\usr\bin;C:\Users\adity\anaconda3\Library\bin;C:\Users\adity\anaconda3\Scripts;C:\Users\adity\AppData\Local\Microsoft\WindowsApps;C:\Users\adity\AppData\Local\Programs\Microsoft VS Code\bin;C:\MinGW\bin;C:\Program Files\heroku\bin;C:\Program Files\Git\bin;C:\Program Files\JetBrains\PyCharm Community Edition 2022.3\bin;;C:\Users\adity\AppData\Roaming\npm;C:\Program Files\JetBrains\IntelliJ IDEA 2022.3.2\bin;

Yarn version: 
  1.22.19

Node version: 
  18.14.2

Platform: 
  win32 x64

Trace: 
  Error: EPERM: operation not permitted, unlink 'D:\Projects\Node Projects\UnCompleted\tweeterBackend\node_modules\prisma\engines\1e7af066ee9cb95cf3a403c78d9aab3e6b04f37a\query_engine-windows.dll.node'

npm manifest: 
  {
    "name": "tweeterbackend",
    "version": "1.0.0",
    "description": "",
    "main": "index.js",
    "scripts": {
      "test": "echo \"Error: no test specified\" && exit 1",
      "dev": "nodemon src/index.ts"
    },
    "keywords": [],
    "author": "",
    "license": "ISC",
    "dependencies": {
      "@prisma/client": "^4.13.0",
      "express": "^4.18.2",
      "jsonwebtoken": "^9.0.0"
    },
    "devDependencies": {
      "@types/express": "^4.17.17",
      "@types/jsonwebtoken": "^9.0.2",
      "@types/node": "^20.0.0",
      "nodemon": "^2.0.22",
      "prisma": "^4.13.0",
      "ts-node": "^10.9.1",
      "typescript": "^5.0.4"
    }
  }

yarn manifest: 
  No manifest

Lockfile: 
  No lockfile
